[2018-02-26 08:49:14] local.ERROR: Server error: `DELETE http://localhost:8080/api/author/3` resulted in a `500 Internal Server Error` response:
<!DOCTYPE html>
<html>
    <head>
        <meta name="robots" content="noindex,nofollow" />
        <style>
             (truncated...)
 {"exception":"[object] (GuzzleHttp\\Exception\\ServerException(code: 500): Server error: `DELETE http://localhost:8080/api/author/3` resulted in a `500 Internal Server Error` response:
<!DOCTYPE html>
<html>
    <head>
        <meta name=\"robots\" content=\"noindex,nofollow\" />
        <style>
             (truncated...)
 at /home/rzlrz/Tugas/laravel-authorClient/vendor/guzzlehttp/guzzle/src/Exception/RequestException.php:113)
[stacktrace]
#0 /home/rzlrz/Tugas/laravel-authorClient/vendor/guzzlehttp/guzzle/src/Middleware.php(65): GuzzleHttp\\Exception\\RequestException::create(Object(GuzzleHttp\\Psr7\\Request), Object(GuzzleHttp\\Psr7\\Response))
#1 /home/rzlrz/Tugas/laravel-authorClient/vendor/guzzlehttp/promises/src/Promise.php(203): GuzzleHttp\\Middleware::GuzzleHttp\\{closure}(Object(GuzzleHttp\\Psr7\\Response))
#2 /home/rzlrz/Tugas/laravel-authorClient/vendor/guzzlehttp/promises/src/Promise.php(156): GuzzleHttp\\Promise\\Promise::callHandler(1, Object(GuzzleHttp\\Psr7\\Response), Array)
#3 /home/rzlrz/Tugas/laravel-authorClient/vendor/guzzlehttp/promises/src/TaskQueue.php(47): GuzzleHttp\\Promise\\Promise::GuzzleHttp\\Promise\\{closure}()
#4 /home/rzlrz/Tugas/laravel-authorClient/vendor/guzzlehttp/promises/src/Promise.php(246): GuzzleHttp\\Promise\\TaskQueue->run(true)
#5 /home/rzlrz/Tugas/laravel-authorClient/vendor/guzzlehttp/promises/src/Promise.php(223): GuzzleHttp\\Promise\\Promise->invokeWaitFn()
#6 /home/rzlrz/Tugas/laravel-authorClient/vendor/guzzlehttp/promises/src/Promise.php(267): GuzzleHttp\\Promise\\Promise->waitIfPending()
#7 /home/rzlrz/Tugas/laravel-authorClient/vendor/guzzlehttp/promises/src/Promise.php(225): GuzzleHttp\\Promise\\Promise->invokeWaitList()
#8 /home/rzlrz/Tugas/laravel-authorClient/vendor/guzzlehttp/promises/src/Promise.php(62): GuzzleHttp\\Promise\\Promise->waitIfPending()
#9 /home/rzlrz/Tugas/laravel-authorClient/vendor/guzzlehttp/guzzle/src/Client.php(131): GuzzleHttp\\Promise\\Promise->wait()
#10 /home/rzlrz/Tugas/laravel-authorClient/app/Http/Controllers/AuthorController.php(80): GuzzleHttp\\Client->request('DELETE', 'http://localhos...')
#11 [internal function]: App\\Http\\Controllers\\AuthorController->deleteAuthor('3')
#12 /home/rzlrz/Tugas/laravel-authorClient/vendor/laravel/framework/src/Illuminate/Routing/Controller.php(54): call_user_func_array(Array, Array)
#13 /home/rzlrz/Tugas/laravel-authorClient/vendor/laravel/framework/src/Illuminate/Routing/ControllerDispatcher.php(45): Illuminate\\Routing\\Controller->callAction('deleteAuthor', Array)
#14 /home/rzlrz/Tugas/laravel-authorClient/vendor/laravel/framework/src/Illuminate/Routing/Route.php(212): Illuminate\\Routing\\ControllerDispatcher->dispatch(Object(Illuminate\\Routing\\Route), Object(App\\Http\\Controllers\\AuthorController), 'deleteAuthor')
#15 /home/rzlrz/Tugas/laravel-authorClient/vendor/laravel/framework/src/Illuminate/Routing/Route.php(169): Illuminate\\Routing\\Route->runController()
#16 /home/rzlrz/Tugas/laravel-authorClient/vendor/laravel/framework/src/Illuminate/Routing/Router.php(658): Illuminate\\Routing\\Route->run()
#17 /home/rzlrz/Tugas/laravel-authorClient/vendor/laravel/framework/src/Illuminate/Routing/Pipeline.php(30): Illuminate\\Routing\\Router->Illuminate\\Routing\\{closure}(Object(Illuminate\\Http\\Request))
#18 /home/rzlrz/Tugas/laravel-authorClient/vendor/laravel/framework/src/Illuminate/Routing/Middleware/SubstituteBindings.php(41): Illuminate\\Routing\\Pipeline->Illuminate\\Routing\\{closure}(Object(Illuminate\\Http\\Request))
#19 /home/rzlrz/Tugas/laravel-authorClient/vendor/laravel/framework/src/Illuminate/Pipeline/Pipeline.php(149): Illuminate\\Routing\\Middleware\\SubstituteBindings->handle(Object(Illuminate\\Http\\Request), Object(Closure))
#20 /home/rzlrz/Tugas/laravel-authorClient/vendor/laravel/framework/src/Illuminate/Routing/Pipeline.php(53): Illuminate\\Pipeline\\Pipeline->Illuminate\\Pipeline\\{closure}(Object(Illuminate\\Http\\Request))
#21 /home/rzlrz/Tugas/laravel-authorClient/vendor/laravel/framework/src/Illuminate/Foundation/Http/Middleware/VerifyCsrfToken.php(67): Illuminate\\Routing\\Pipeline->Illuminate\\Routing\\{closure}(Object(Illuminate\\Http\\Request))
#22 /home/rzlrz/Tugas/laravel-authorClient/vendor/laravel/framework/src/Illuminate/Pipeline/Pipeline.php(149): Illuminate\\Foundation\\Http\\Middleware\\VerifyCsrfToken->handle(Object(Illuminate\\Http\\Request), Object(Closure))
#23 /home/rzlrz/Tugas/laravel-authorClient/vendor/laravel/framework/src/Illuminate/Routing/Pipeline.php(53): Illuminate\\Pipeline\\Pipeline->Illuminate\\Pipeline\\{closure}(Object(Illuminate\\Http\\Request))
#24 /home/rzlrz/Tugas/laravel-authorClient/vendor/laravel/framework/src/Illuminate/View/Middleware/ShareErrorsFromSession.php(49): Illuminate\\Routing\\Pipeline->Illuminate\\Routing\\{closure}(Object(Illuminate\\Http\\Request))
#25 /home/rzlrz/Tugas/laravel-authorClient/vendor/laravel/framework/src/Illuminate/Pipeline/Pipeline.php(149): Illuminate\\View\\Middleware\\ShareErrorsFromSession->handle(Object(Illuminate\\Http\\Request), Object(Closure))
#26 /home/rzlrz/Tugas/laravel-authorClient/vendor/laravel/framework/src/Illuminate/Routing/Pipeline.php(53): Illuminate\\Pipeline\\Pipeline->Illuminate\\Pipeline\\{closure}(Object(Illuminate\\Http\\Request))
#27 /home/rzlrz/Tugas/laravel-authorClient/vendor/laravel/framework/src/Illuminate/Session/Middleware/StartSession.php(63): Illuminate\\Routing\\Pipeline->Illuminate\\Routing\\{closure}(Object(Illuminate\\Http\\Request))
#28 /home/rzlrz/Tugas/laravel-authorClient/vendor/laravel/framework/src/Illuminate/Pipeline/Pipeline.php(149): Illuminate\\Session\\Middleware\\StartSession->handle(Object(Illuminate\\Http\\Request), Object(Closure))
#29 /home/rzlrz/Tugas/laravel-authorClient/vendor/laravel/framework/src/Illuminate/Routing/Pipeline.php(53): Illuminate\\Pipeline\\Pipeline->Illuminate\\Pipeline\\{closure}(Object(Illuminate\\Http\\Request))
#30 /home/rzlrz/Tugas/laravel-authorClient/vendor/laravel/framework/src/Illuminate/Cookie/Middleware/AddQueuedCookiesToResponse.php(37): Illuminate\\Routing\\Pipeline->Illuminate\\Routing\\{closure}(Object(Illuminate\\Http\\Request))
#31 /home/rzlrz/Tugas/laravel-authorClient/vendor/laravel/framework/src/Illuminate/Pipeline/Pipeline.php(149): Illuminate\\Cookie\\Middleware\\AddQueuedCookiesToResponse->handle(Object(Illuminate\\Http\\Request), Object(Closure))
#32 /home/rzlrz/Tugas/laravel-authorClient/vendor/laravel/framework/src/Illuminate/Routing/Pipeline.php(53): Illuminate\\Pipeline\\Pipeline->Illuminate\\Pipeline\\{closure}(Object(Illuminate\\Http\\Request))
#33 /home/rzlrz/Tugas/laravel-authorClient/vendor/laravel/framework/src/Illuminate/Cookie/Middleware/EncryptCookies.php(59): Illuminate\\Routing\\Pipeline->Illuminate\\Routing\\{closure}(Object(Illuminate\\Http\\Request))
#34 /home/rzlrz/Tugas/laravel-authorClient/vendor/laravel/framework/src/Illuminate/Pipeline/Pipeline.php(149): Illuminate\\Cookie\\Middleware\\EncryptCookies->handle(Object(Illuminate\\Http\\Request), Object(Closure))
#35 /home/rzlrz/Tugas/laravel-authorClient/vendor/laravel/framework/src/Illuminate/Routing/Pipeline.php(53): Illuminate\\Pipeline\\Pipeline->Illuminate\\Pipeline\\{closure}(Object(Illuminate\\Http\\Request))
#36 /home/rzlrz/Tugas/laravel-authorClient/vendor/laravel/framework/src/Illuminate/Pipeline/Pipeline.php(102): Illuminate\\Routing\\Pipeline->Illuminate\\Routing\\{closure}(Object(Illuminate\\Http\\Request))
#37 /home/rzlrz/Tugas/laravel-authorClient/vendor/laravel/framework/src/Illuminate/Routing/Router.php(660): Illuminate\\Pipeline\\Pipeline->then(Object(Closure))
#38 /home/rzlrz/Tugas/laravel-authorClient/vendor/laravel/framework/src/Illuminate/Routing/Router.php(635): Illuminate\\Routing\\Router->runRouteWithinStack(Object(Illuminate\\Routing\\Route), Object(Illuminate\\Http\\Request))
#39 /home/rzlrz/Tugas/laravel-authorClient/vendor/laravel/framework/src/Illuminate/Routing/Router.php(601): Illuminate\\Routing\\Router->runRoute(Object(Illuminate\\Http\\Request), Object(Illuminate\\Routing\\Route))
#40 /home/rzlrz/Tugas/laravel-authorClient/vendor/laravel/framework/src/Illuminate/Routing/Router.php(590): Illuminate\\Routing\\Router->dispatchToRoute(Object(Illuminate\\Http\\Request))
#41 /home/rzlrz/Tugas/laravel-authorClient/vendor/laravel/framework/src/Illuminate/Foundation/Http/Kernel.php(176): Illuminate\\Routing\\Router->dispatch(Object(Illuminate\\Http\\Request))
#42 /home/rzlrz/Tugas/laravel-authorClient/vendor/laravel/framework/src/Illuminate/Routing/Pipeline.php(30): Illuminate\\Foundation\\Http\\Kernel->Illuminate\\Foundation\\Http\\{closure}(Object(Illuminate\\Http\\Request))
#43 /home/rzlrz/Tugas/laravel-authorClient/vendor/fideloper/proxy/src/TrustProxies.php(56): Illuminate\\Routing\\Pipeline->Illuminate\\Routing\\{closure}(Object(Illuminate\\Http\\Request))
#44 /home/rzlrz/Tugas/laravel-authorClient/vendor/laravel/framework/src/Illuminate/Pipeline/Pipeline.php(149): Fideloper\\Proxy\\TrustProxies->handle(Object(Illuminate\\Http\\Request), Object(Closure))
#45 /home/rzlrz/Tugas/laravel-authorClient/vendor/laravel/framework/src/Illuminate/Routing/Pipeline.php(53): Illuminate\\Pipeline\\Pipeline->Illuminate\\Pipeline\\{closure}(Object(Illuminate\\Http\\Request))
#46 /home/rzlrz/Tugas/laravel-authorClient/vendor/laravel/framework/src/Illuminate/Foundation/Http/Middleware/TransformsRequest.php(30): Illuminate\\Routing\\Pipeline->Illuminate\\Routing\\{closure}(Object(Illuminate\\Http\\Request))
#47 /home/rzlrz/Tugas/laravel-authorClient/vendor/laravel/framework/src/Illuminate/Pipeline/Pipeline.php(149): Illuminate\\Foundation\\Http\\Middleware\\TransformsRequest->handle(Object(Illuminate\\Http\\Request), Object(Closure))
#48 /home/rzlrz/Tugas/laravel-authorClient/vendor/laravel/framework/src/Illuminate/Routing/Pipeline.php(53): Illuminate\\Pipeline\\Pipeline->Illuminate\\Pipeline\\{closure}(Object(Illuminate\\Http\\Request))
#49 /home/rzlrz/Tugas/laravel-authorClient/vendor/laravel/framework/src/Illuminate/Foundation/Http/Middleware/TransformsRequest.php(30): Illuminate\\Routing\\Pipeline->Illuminate\\Routing\\{closure}(Object(Illuminate\\Http\\Request))
#50 /home/rzlrz/Tugas/laravel-authorClient/vendor/laravel/framework/src/Illuminate/Pipeline/Pipeline.php(149): Illuminate\\Foundation\\Http\\Middleware\\TransformsRequest->handle(Object(Illuminate\\Http\\Request), Object(Closure))
#51 /home/rzlrz/Tugas/laravel-authorClient/vendor/laravel/framework/src/Illuminate/Routing/Pipeline.php(53): Illuminate\\Pipeline\\Pipeline->Illuminate\\Pipeline\\{closure}(Object(Illuminate\\Http\\Request))
#52 /home/rzlrz/Tugas/laravel-authorClient/vendor/laravel/framework/src/Illuminate/Foundation/Http/Middleware/ValidatePostSize.php(27): Illuminate\\Routing\\Pipeline->Illuminate\\Routing\\{closure}(Object(Illuminate\\Http\\Request))
#53 /home/rzlrz/Tugas/laravel-authorClient/vendor/laravel/framework/src/Illuminate/Pipeline/Pipeline.php(149): Illuminate\\Foundation\\Http\\Middleware\\ValidatePostSize->handle(Object(Illuminate\\Http\\Request), Object(Closure))
#54 /home/rzlrz/Tugas/laravel-authorClient/vendor/laravel/framework/src/Illuminate/Routing/Pipeline.php(53): Illuminate\\Pipeline\\Pipeline->Illuminate\\Pipeline\\{closure}(Object(Illuminate\\Http\\Request))
#55 /home/rzlrz/Tugas/laravel-authorClient/vendor/laravel/framework/src/Illuminate/Foundation/Http/Middleware/CheckForMaintenanceMode.php(46): Illuminate\\Routing\\Pipeline->Illuminate\\Routing\\{closure}(Object(Illuminate\\Http\\Request))
#56 /home/rzlrz/Tugas/laravel-authorClient/vendor/laravel/framework/src/Illuminate/Pipeline/Pipeline.php(149): Illuminate\\Foundation\\Http\\Middleware\\CheckForMaintenanceMode->handle(Object(Illuminate\\Http\\Request), Object(Closure))
#57 /home/rzlrz/Tugas/laravel-authorClient/vendor/laravel/framework/src/Illuminate/Routing/Pipeline.php(53): Illuminate\\Pipeline\\Pipeline->Illuminate\\Pipeline\\{closure}(Object(Illuminate\\Http\\Request))
#58 /home/rzlrz/Tugas/laravel-authorClient/vendor/laravel/framework/src/Illuminate/Pipeline/Pipeline.php(102): Illuminate\\Routing\\Pipeline->Illuminate\\Routing\\{closure}(Object(Illuminate\\Http\\Request))
#59 /home/rzlrz/Tugas/laravel-authorClient/vendor/laravel/framework/src/Illuminate/Foundation/Http/Kernel.php(151): Illuminate\\Pipeline\\Pipeline->then(Object(Closure))
#60 /home/rzlrz/Tugas/laravel-authorClient/vendor/laravel/framework/src/Illuminate/Foundation/Http/Kernel.php(116): Illuminate\\Foundation\\Http\\Kernel->sendRequestThroughRouter(Object(Illuminate\\Http\\Request))
#61 /home/rzlrz/Tugas/laravel-authorClient/public/index.php(55): Illuminate\\Foundation\\Http\\Kernel->handle(Object(Illuminate\\Http\\Request))
#62 /home/rzlrz/Tugas/laravel-authorClient/server.php(21): require_once('/home/rzlrz/Tug...')
#63 {main}
"} 
[2018-02-26 08:51:47] local.ERROR: Server error: `GET http://localhost:8080/api/book` resulted in a `500 Internal Server Error` response:
object(Illuminate\Database\Eloquent\Collection)#72 (1) {
  ["items":protected]=>
  array(2) {
    [0]=>
    object(App\B (truncated...)
 {"exception":"[object] (GuzzleHttp\\Exception\\ServerException(code: 500): Server error: `GET http://localhost:8080/api/book` resulted in a `500 Internal Server Error` response:
object(Illuminate\\Database\\Eloquent\\Collection)#72 (1) {
  [\"items\":protected]=>
  array(2) {
    [0]=>
    object(App\\B (truncated...)
 at /home/rzlrz/Tugas/laravel-authorClient/vendor/guzzlehttp/guzzle/src/Exception/RequestException.php:113)
[stacktrace]
#0 /home/rzlrz/Tugas/laravel-authorClient/vendor/guzzlehttp/guzzle/src/Middleware.php(65): GuzzleHttp\\Exception\\RequestException::create(Object(GuzzleHttp\\Psr7\\Request), Object(GuzzleHttp\\Psr7\\Response))
#1 /home/rzlrz/Tugas/laravel-authorClient/vendor/guzzlehttp/promises/src/Promise.php(203): GuzzleHttp\\Middleware::GuzzleHttp\\{closure}(Object(GuzzleHttp\\Psr7\\Response))
#2 /home/rzlrz/Tugas/laravel-authorClient/vendor/guzzlehttp/promises/src/Promise.php(156): GuzzleHttp\\Promise\\Promise::callHandler(1, Object(GuzzleHttp\\Psr7\\Response), Array)
#3 /home/rzlrz/Tugas/laravel-authorClient/vendor/guzzlehttp/promises/src/TaskQueue.php(47): GuzzleHttp\\Promise\\Promise::GuzzleHttp\\Promise\\{closure}()
#4 /home/rzlrz/Tugas/laravel-authorClient/vendor/guzzlehttp/promises/src/Promise.php(246): GuzzleHttp\\Promise\\TaskQueue->run(true)
#5 /home/rzlrz/Tugas/laravel-authorClient/vendor/guzzlehttp/promises/src/Promise.php(223): GuzzleHttp\\Promise\\Promise->invokeWaitFn()
#6 /home/rzlrz/Tugas/laravel-authorClient/vendor/guzzlehttp/promises/src/Promise.php(267): GuzzleHttp\\Promise\\Promise->waitIfPending()
#7 /home/rzlrz/Tugas/laravel-authorClient/vendor/guzzlehttp/promises/src/Promise.php(225): GuzzleHttp\\Promise\\Promise->invokeWaitList()
#8 /home/rzlrz/Tugas/laravel-authorClient/vendor/guzzlehttp/promises/src/Promise.php(62): GuzzleHttp\\Promise\\Promise->waitIfPending()
#9 /home/rzlrz/Tugas/laravel-authorClient/vendor/guzzlehttp/guzzle/src/Client.php(131): GuzzleHttp\\Promise\\Promise->wait()
#10 /home/rzlrz/Tugas/laravel-authorClient/app/Http/Controllers/BookController.php(14): GuzzleHttp\\Client->request('GET', 'http://localhos...')
#11 [internal function]: App\\Http\\Controllers\\BookController->indexBook()
#12 /home/rzlrz/Tugas/laravel-authorClient/vendor/laravel/framework/src/Illuminate/Routing/Controller.php(54): call_user_func_array(Array, Array)
#13 /home/rzlrz/Tugas/laravel-authorClient/vendor/laravel/framework/src/Illuminate/Routing/ControllerDispatcher.php(45): Illuminate\\Routing\\Controller->callAction('indexBook', Array)
#14 /home/rzlrz/Tugas/laravel-authorClient/vendor/laravel/framework/src/Illuminate/Routing/Route.php(212): Illuminate\\Routing\\ControllerDispatcher->dispatch(Object(Illuminate\\Routing\\Route), Object(App\\Http\\Controllers\\BookController), 'indexBook')
#15 /home/rzlrz/Tugas/laravel-authorClient/vendor/laravel/framework/src/Illuminate/Routing/Route.php(169): Illuminate\\Routing\\Route->runController()
#16 /home/rzlrz/Tugas/laravel-authorClient/vendor/laravel/framework/src/Illuminate/Routing/Router.php(658): Illuminate\\Routing\\Route->run()
#17 /home/rzlrz/Tugas/laravel-authorClient/vendor/laravel/framework/src/Illuminate/Routing/Pipeline.php(30): Illuminate\\Routing\\Router->Illuminate\\Routing\\{closure}(Object(Illuminate\\Http\\Request))
#18 /home/rzlrz/Tugas/laravel-authorClient/vendor/laravel/framework/src/Illuminate/Routing/Middleware/SubstituteBindings.php(41): Illuminate\\Routing\\Pipeline->Illuminate\\Routing\\{closure}(Object(Illuminate\\Http\\Request))
#19 /home/rzlrz/Tugas/laravel-authorClient/vendor/laravel/framework/src/Illuminate/Pipeline/Pipeline.php(149): Illuminate\\Routing\\Middleware\\SubstituteBindings->handle(Object(Illuminate\\Http\\Request), Object(Closure))
#20 /home/rzlrz/Tugas/laravel-authorClient/vendor/laravel/framework/src/Illuminate/Routing/Pipeline.php(53): Illuminate\\Pipeline\\Pipeline->Illuminate\\Pipeline\\{closure}(Object(Illuminate\\Http\\Request))
#21 /home/rzlrz/Tugas/laravel-authorClient/vendor/laravel/framework/src/Illuminate/Foundation/Http/Middleware/VerifyCsrfToken.php(67): Illuminate\\Routing\\Pipeline->Illuminate\\Routing\\{closure}(Object(Illuminate\\Http\\Request))
#22 /home/rzlrz/Tugas/laravel-authorClient/vendor/laravel/framework/src/Illuminate/Pipeline/Pipeline.php(149): Illuminate\\Foundation\\Http\\Middleware\\VerifyCsrfToken->handle(Object(Illuminate\\Http\\Request), Object(Closure))
#23 /home/rzlrz/Tugas/laravel-authorClient/vendor/laravel/framework/src/Illuminate/Routing/Pipeline.php(53): Illuminate\\Pipeline\\Pipeline->Illuminate\\Pipeline\\{closure}(Object(Illuminate\\Http\\Request))
#24 /home/rzlrz/Tugas/laravel-authorClient/vendor/laravel/framework/src/Illuminate/View/Middleware/ShareErrorsFromSession.php(49): Illuminate\\Routing\\Pipeline->Illuminate\\Routing\\{closure}(Object(Illuminate\\Http\\Request))
#25 /home/rzlrz/Tugas/laravel-authorClient/vendor/laravel/framework/src/Illuminate/Pipeline/Pipeline.php(149): Illuminate\\View\\Middleware\\ShareErrorsFromSession->handle(Object(Illuminate\\Http\\Request), Object(Closure))
#26 /home/rzlrz/Tugas/laravel-authorClient/vendor/laravel/framework/src/Illuminate/Routing/Pipeline.php(53): Illuminate\\Pipeline\\Pipeline->Illuminate\\Pipeline\\{closure}(Object(Illuminate\\Http\\Request))
#27 /home/rzlrz/Tugas/laravel-authorClient/vendor/laravel/framework/src/Illuminate/Session/Middleware/StartSession.php(63): Illuminate\\Routing\\Pipeline->Illuminate\\Routing\\{closure}(Object(Illuminate\\Http\\Request))
#28 /home/rzlrz/Tugas/laravel-authorClient/vendor/laravel/framework/src/Illuminate/Pipeline/Pipeline.php(149): Illuminate\\Session\\Middleware\\StartSession->handle(Object(Illuminate\\Http\\Request), Object(Closure))
#29 /home/rzlrz/Tugas/laravel-authorClient/vendor/laravel/framework/src/Illuminate/Routing/Pipeline.php(53): Illuminate\\Pipeline\\Pipeline->Illuminate\\Pipeline\\{closure}(Object(Illuminate\\Http\\Request))
#30 /home/rzlrz/Tugas/laravel-authorClient/vendor/laravel/framework/src/Illuminate/Cookie/Middleware/AddQueuedCookiesToResponse.php(37): Illuminate\\Routing\\Pipeline->Illuminate\\Routing\\{closure}(Object(Illuminate\\Http\\Request))
#31 /home/rzlrz/Tugas/laravel-authorClient/vendor/laravel/framework/src/Illuminate/Pipeline/Pipeline.php(149): Illuminate\\Cookie\\Middleware\\AddQueuedCookiesToResponse->handle(Object(Illuminate\\Http\\Request), Object(Closure))
#32 /home/rzlrz/Tugas/laravel-authorClient/vendor/laravel/framework/src/Illuminate/Routing/Pipeline.php(53): Illuminate\\Pipeline\\Pipeline->Illuminate\\Pipeline\\{closure}(Object(Illuminate\\Http\\Request))
#33 /home/rzlrz/Tugas/laravel-authorClient/vendor/laravel/framework/src/Illuminate/Cookie/Middleware/EncryptCookies.php(59): Illuminate\\Routing\\Pipeline->Illuminate\\Routing\\{closure}(Object(Illuminate\\Http\\Request))
#34 /home/rzlrz/Tugas/laravel-authorClient/vendor/laravel/framework/src/Illuminate/Pipeline/Pipeline.php(149): Illuminate\\Cookie\\Middleware\\EncryptCookies->handle(Object(Illuminate\\Http\\Request), Object(Closure))
#35 /home/rzlrz/Tugas/laravel-authorClient/vendor/laravel/framework/src/Illuminate/Routing/Pipeline.php(53): Illuminate\\Pipeline\\Pipeline->Illuminate\\Pipeline\\{closure}(Object(Illuminate\\Http\\Request))
#36 /home/rzlrz/Tugas/laravel-authorClient/vendor/laravel/framework/src/Illuminate/Pipeline/Pipeline.php(102): Illuminate\\Routing\\Pipeline->Illuminate\\Routing\\{closure}(Object(Illuminate\\Http\\Request))
#37 /home/rzlrz/Tugas/laravel-authorClient/vendor/laravel/framework/src/Illuminate/Routing/Router.php(660): Illuminate\\Pipeline\\Pipeline->then(Object(Closure))
#38 /home/rzlrz/Tugas/laravel-authorClient/vendor/laravel/framework/src/Illuminate/Routing/Router.php(635): Illuminate\\Routing\\Router->runRouteWithinStack(Object(Illuminate\\Routing\\Route), Object(Illuminate\\Http\\Request))
#39 /home/rzlrz/Tugas/laravel-authorClient/vendor/laravel/framework/src/Illuminate/Routing/Router.php(601): Illuminate\\Routing\\Router->runRoute(Object(Illuminate\\Http\\Request), Object(Illuminate\\Routing\\Route))
#40 /home/rzlrz/Tugas/laravel-authorClient/vendor/laravel/framework/src/Illuminate/Routing/Router.php(590): Illuminate\\Routing\\Router->dispatchToRoute(Object(Illuminate\\Http\\Request))
#41 /home/rzlrz/Tugas/laravel-authorClient/vendor/laravel/framework/src/Illuminate/Foundation/Http/Kernel.php(176): Illuminate\\Routing\\Router->dispatch(Object(Illuminate\\Http\\Request))
#42 /home/rzlrz/Tugas/laravel-authorClient/vendor/laravel/framework/src/Illuminate/Routing/Pipeline.php(30): Illuminate\\Foundation\\Http\\Kernel->Illuminate\\Foundation\\Http\\{closure}(Object(Illuminate\\Http\\Request))
#43 /home/rzlrz/Tugas/laravel-authorClient/vendor/fideloper/proxy/src/TrustProxies.php(56): Illuminate\\Routing\\Pipeline->Illuminate\\Routing\\{closure}(Object(Illuminate\\Http\\Request))
#44 /home/rzlrz/Tugas/laravel-authorClient/vendor/laravel/framework/src/Illuminate/Pipeline/Pipeline.php(149): Fideloper\\Proxy\\TrustProxies->handle(Object(Illuminate\\Http\\Request), Object(Closure))
#45 /home/rzlrz/Tugas/laravel-authorClient/vendor/laravel/framework/src/Illuminate/Routing/Pipeline.php(53): Illuminate\\Pipeline\\Pipeline->Illuminate\\Pipeline\\{closure}(Object(Illuminate\\Http\\Request))
#46 /home/rzlrz/Tugas/laravel-authorClient/vendor/laravel/framework/src/Illuminate/Foundation/Http/Middleware/TransformsRequest.php(30): Illuminate\\Routing\\Pipeline->Illuminate\\Routing\\{closure}(Object(Illuminate\\Http\\Request))
#47 /home/rzlrz/Tugas/laravel-authorClient/vendor/laravel/framework/src/Illuminate/Pipeline/Pipeline.php(149): Illuminate\\Foundation\\Http\\Middleware\\TransformsRequest->handle(Object(Illuminate\\Http\\Request), Object(Closure))
#48 /home/rzlrz/Tugas/laravel-authorClient/vendor/laravel/framework/src/Illuminate/Routing/Pipeline.php(53): Illuminate\\Pipeline\\Pipeline->Illuminate\\Pipeline\\{closure}(Object(Illuminate\\Http\\Request))
#49 /home/rzlrz/Tugas/laravel-authorClient/vendor/laravel/framework/src/Illuminate/Foundation/Http/Middleware/TransformsRequest.php(30): Illuminate\\Routing\\Pipeline->Illuminate\\Routing\\{closure}(Object(Illuminate\\Http\\Request))
#50 /home/rzlrz/Tugas/laravel-authorClient/vendor/laravel/framework/src/Illuminate/Pipeline/Pipeline.php(149): Illuminate\\Foundation\\Http\\Middleware\\TransformsRequest->handle(Object(Illuminate\\Http\\Request), Object(Closure))
#51 /home/rzlrz/Tugas/laravel-authorClient/vendor/laravel/framework/src/Illuminate/Routing/Pipeline.php(53): Illuminate\\Pipeline\\Pipeline->Illuminate\\Pipeline\\{closure}(Object(Illuminate\\Http\\Request))
#52 /home/rzlrz/Tugas/laravel-authorClient/vendor/laravel/framework/src/Illuminate/Foundation/Http/Middleware/ValidatePostSize.php(27): Illuminate\\Routing\\Pipeline->Illuminate\\Routing\\{closure}(Object(Illuminate\\Http\\Request))
#53 /home/rzlrz/Tugas/laravel-authorClient/vendor/laravel/framework/src/Illuminate/Pipeline/Pipeline.php(149): Illuminate\\Foundation\\Http\\Middleware\\ValidatePostSize->handle(Object(Illuminate\\Http\\Request), Object(Closure))
#54 /home/rzlrz/Tugas/laravel-authorClient/vendor/laravel/framework/src/Illuminate/Routing/Pipeline.php(53): Illuminate\\Pipeline\\Pipeline->Illuminate\\Pipeline\\{closure}(Object(Illuminate\\Http\\Request))
#55 /home/rzlrz/Tugas/laravel-authorClient/vendor/laravel/framework/src/Illuminate/Foundation/Http/Middleware/CheckForMaintenanceMode.php(46): Illuminate\\Routing\\Pipeline->Illuminate\\Routing\\{closure}(Object(Illuminate\\Http\\Request))
#56 /home/rzlrz/Tugas/laravel-authorClient/vendor/laravel/framework/src/Illuminate/Pipeline/Pipeline.php(149): Illuminate\\Foundation\\Http\\Middleware\\CheckForMaintenanceMode->handle(Object(Illuminate\\Http\\Request), Object(Closure))
#57 /home/rzlrz/Tugas/laravel-authorClient/vendor/laravel/framework/src/Illuminate/Routing/Pipeline.php(53): Illuminate\\Pipeline\\Pipeline->Illuminate\\Pipeline\\{closure}(Object(Illuminate\\Http\\Request))
#58 /home/rzlrz/Tugas/laravel-authorClient/vendor/laravel/framework/src/Illuminate/Pipeline/Pipeline.php(102): Illuminate\\Routing\\Pipeline->Illuminate\\Routing\\{closure}(Object(Illuminate\\Http\\Request))
#59 /home/rzlrz/Tugas/laravel-authorClient/vendor/laravel/framework/src/Illuminate/Foundation/Http/Kernel.php(151): Illuminate\\Pipeline\\Pipeline->then(Object(Closure))
#60 /home/rzlrz/Tugas/laravel-authorClient/vendor/laravel/framework/src/Illuminate/Foundation/Http/Kernel.php(116): Illuminate\\Foundation\\Http\\Kernel->sendRequestThroughRouter(Object(Illuminate\\Http\\Request))
#61 /home/rzlrz/Tugas/laravel-authorClient/public/index.php(55): Illuminate\\Foundation\\Http\\Kernel->handle(Object(Illuminate\\Http\\Request))
#62 /home/rzlrz/Tugas/laravel-authorClient/server.php(21): require_once('/home/rzlrz/Tug...')
#63 {main}
"} 
[2018-02-26 08:54:54] local.ERROR: Server error: `DELETE http://localhost:8080/api/author/3` resulted in a `500 Internal Server Error` response:
<!DOCTYPE html>
<html>
    <head>
        <meta name="robots" content="noindex,nofollow" />
        <style>
             (truncated...)
 {"userId":1,"email":"rizalrezamaulana.rrm@gmail.com","exception":"[object] (GuzzleHttp\\Exception\\ServerException(code: 500): Server error: `DELETE http://localhost:8080/api/author/3` resulted in a `500 Internal Server Error` response:
<!DOCTYPE html>
<html>
    <head>
        <meta name=\"robots\" content=\"noindex,nofollow\" />
        <style>
             (truncated...)
 at /home/rzlrz/Tugas/laravel-authorClient/vendor/guzzlehttp/guzzle/src/Exception/RequestException.php:113)
[stacktrace]
#0 /home/rzlrz/Tugas/laravel-authorClient/vendor/guzzlehttp/guzzle/src/Middleware.php(65): GuzzleHttp\\Exception\\RequestException::create(Object(GuzzleHttp\\Psr7\\Request), Object(GuzzleHttp\\Psr7\\Response))
#1 /home/rzlrz/Tugas/laravel-authorClient/vendor/guzzlehttp/promises/src/Promise.php(203): GuzzleHttp\\Middleware::GuzzleHttp\\{closure}(Object(GuzzleHttp\\Psr7\\Response))
#2 /home/rzlrz/Tugas/laravel-authorClient/vendor/guzzlehttp/promises/src/Promise.php(156): GuzzleHttp\\Promise\\Promise::callHandler(1, Object(GuzzleHttp\\Psr7\\Response), Array)
#3 /home/rzlrz/Tugas/laravel-authorClient/vendor/guzzlehttp/promises/src/TaskQueue.php(47): GuzzleHttp\\Promise\\Promise::GuzzleHttp\\Promise\\{closure}()
#4 /home/rzlrz/Tugas/laravel-authorClient/vendor/guzzlehttp/promises/src/Promise.php(246): GuzzleHttp\\Promise\\TaskQueue->run(true)
#5 /home/rzlrz/Tugas/laravel-authorClient/vendor/guzzlehttp/promises/src/Promise.php(223): GuzzleHttp\\Promise\\Promise->invokeWaitFn()
#6 /home/rzlrz/Tugas/laravel-authorClient/vendor/guzzlehttp/promises/src/Promise.php(267): GuzzleHttp\\Promise\\Promise->waitIfPending()
#7 /home/rzlrz/Tugas/laravel-authorClient/vendor/guzzlehttp/promises/src/Promise.php(225): GuzzleHttp\\Promise\\Promise->invokeWaitList()
#8 /home/rzlrz/Tugas/laravel-authorClient/vendor/guzzlehttp/promises/src/Promise.php(62): GuzzleHttp\\Promise\\Promise->waitIfPending()
#9 /home/rzlrz/Tugas/laravel-authorClient/vendor/guzzlehttp/guzzle/src/Client.php(131): GuzzleHttp\\Promise\\Promise->wait()
#10 /home/rzlrz/Tugas/laravel-authorClient/app/Http/Controllers/AuthorController.php(80): GuzzleHttp\\Client->request('DELETE', 'http://localhos...')
#11 [internal function]: App\\Http\\Controllers\\AuthorController->deleteAuthor('3')
#12 /home/rzlrz/Tugas/laravel-authorClient/vendor/laravel/framework/src/Illuminate/Routing/Controller.php(54): call_user_func_array(Array, Array)
#13 /home/rzlrz/Tugas/laravel-authorClient/vendor/laravel/framework/src/Illuminate/Routing/ControllerDispatcher.php(45): Illuminate\\Routing\\Controller->callAction('deleteAuthor', Array)
#14 /home/rzlrz/Tugas/laravel-authorClient/vendor/laravel/framework/src/Illuminate/Routing/Route.php(212): Illuminate\\Routing\\ControllerDispatcher->dispatch(Object(Illuminate\\Routing\\Route), Object(App\\Http\\Controllers\\AuthorController), 'deleteAuthor')
#15 /home/rzlrz/Tugas/laravel-authorClient/vendor/laravel/framework/src/Illuminate/Routing/Route.php(169): Illuminate\\Routing\\Route->runController()
#16 /home/rzlrz/Tugas/laravel-authorClient/vendor/laravel/framework/src/Illuminate/Routing/Router.php(658): Illuminate\\Routing\\Route->run()
#17 /home/rzlrz/Tugas/laravel-authorClient/vendor/laravel/framework/src/Illuminate/Routing/Pipeline.php(30): Illuminate\\Routing\\Router->Illuminate\\Routing\\{closure}(Object(Illuminate\\Http\\Request))
#18 /home/rzlrz/Tugas/laravel-authorClient/vendor/laravel/framework/src/Illuminate/Routing/Middleware/SubstituteBindings.php(41): Illuminate\\Routing\\Pipeline->Illuminate\\Routing\\{closure}(Object(Illuminate\\Http\\Request))
#19 /home/rzlrz/Tugas/laravel-authorClient/vendor/laravel/framework/src/Illuminate/Pipeline/Pipeline.php(149): Illuminate\\Routing\\Middleware\\SubstituteBindings->handle(Object(Illuminate\\Http\\Request), Object(Closure))
#20 /home/rzlrz/Tugas/laravel-authorClient/vendor/laravel/framework/src/Illuminate/Routing/Pipeline.php(53): Illuminate\\Pipeline\\Pipeline->Illuminate\\Pipeline\\{closure}(Object(Illuminate\\Http\\Request))
#21 /home/rzlrz/Tugas/laravel-authorClient/vendor/laravel/framework/src/Illuminate/Foundation/Http/Middleware/VerifyCsrfToken.php(67): Illuminate\\Routing\\Pipeline->Illuminate\\Routing\\{closure}(Object(Illuminate\\Http\\Request))
#22 /home/rzlrz/Tugas/laravel-authorClient/vendor/laravel/framework/src/Illuminate/Pipeline/Pipeline.php(149): Illuminate\\Foundation\\Http\\Middleware\\VerifyCsrfToken->handle(Object(Illuminate\\Http\\Request), Object(Closure))
#23 /home/rzlrz/Tugas/laravel-authorClient/vendor/laravel/framework/src/Illuminate/Routing/Pipeline.php(53): Illuminate\\Pipeline\\Pipeline->Illuminate\\Pipeline\\{closure}(Object(Illuminate\\Http\\Request))
#24 /home/rzlrz/Tugas/laravel-authorClient/vendor/laravel/framework/src/Illuminate/View/Middleware/ShareErrorsFromSession.php(49): Illuminate\\Routing\\Pipeline->Illuminate\\Routing\\{closure}(Object(Illuminate\\Http\\Request))
#25 /home/rzlrz/Tugas/laravel-authorClient/vendor/laravel/framework/src/Illuminate/Pipeline/Pipeline.php(149): Illuminate\\View\\Middleware\\ShareErrorsFromSession->handle(Object(Illuminate\\Http\\Request), Object(Closure))
#26 /home/rzlrz/Tugas/laravel-authorClient/vendor/laravel/framework/src/Illuminate/Routing/Pipeline.php(53): Illuminate\\Pipeline\\Pipeline->Illuminate\\Pipeline\\{closure}(Object(Illuminate\\Http\\Request))
#27 /home/rzlrz/Tugas/laravel-authorClient/vendor/laravel/framework/src/Illuminate/Session/Middleware/StartSession.php(63): Illuminate\\Routing\\Pipeline->Illuminate\\Routing\\{closure}(Object(Illuminate\\Http\\Request))
#28 /home/rzlrz/Tugas/laravel-authorClient/vendor/laravel/framework/src/Illuminate/Pipeline/Pipeline.php(149): Illuminate\\Session\\Middleware\\StartSession->handle(Object(Illuminate\\Http\\Request), Object(Closure))
#29 /home/rzlrz/Tugas/laravel-authorClient/vendor/laravel/framework/src/Illuminate/Routing/Pipeline.php(53): Illuminate\\Pipeline\\Pipeline->Illuminate\\Pipeline\\{closure}(Object(Illuminate\\Http\\Request))
#30 /home/rzlrz/Tugas/laravel-authorClient/vendor/laravel/framework/src/Illuminate/Cookie/Middleware/AddQueuedCookiesToResponse.php(37): Illuminate\\Routing\\Pipeline->Illuminate\\Routing\\{closure}(Object(Illuminate\\Http\\Request))
#31 /home/rzlrz/Tugas/laravel-authorClient/vendor/laravel/framework/src/Illuminate/Pipeline/Pipeline.php(149): Illuminate\\Cookie\\Middleware\\AddQueuedCookiesToResponse->handle(Object(Illuminate\\Http\\Request), Object(Closure))
#32 /home/rzlrz/Tugas/laravel-authorClient/vendor/laravel/framework/src/Illuminate/Routing/Pipeline.php(53): Illuminate\\Pipeline\\Pipeline->Illuminate\\Pipeline\\{closure}(Object(Illuminate\\Http\\Request))
#33 /home/rzlrz/Tugas/laravel-authorClient/vendor/laravel/framework/src/Illuminate/Cookie/Middleware/EncryptCookies.php(59): Illuminate\\Routing\\Pipeline->Illuminate\\Routing\\{closure}(Object(Illuminate\\Http\\Request))
#34 /home/rzlrz/Tugas/laravel-authorClient/vendor/laravel/framework/src/Illuminate/Pipeline/Pipeline.php(149): Illuminate\\Cookie\\Middleware\\EncryptCookies->handle(Object(Illuminate\\Http\\Request), Object(Closure))
#35 /home/rzlrz/Tugas/laravel-authorClient/vendor/laravel/framework/src/Illuminate/Routing/Pipeline.php(53): Illuminate\\Pipeline\\Pipeline->Illuminate\\Pipeline\\{closure}(Object(Illuminate\\Http\\Request))
#36 /home/rzlrz/Tugas/laravel-authorClient/vendor/laravel/framework/src/Illuminate/Pipeline/Pipeline.php(102): Illuminate\\Routing\\Pipeline->Illuminate\\Routing\\{closure}(Object(Illuminate\\Http\\Request))
#37 /home/rzlrz/Tugas/laravel-authorClient/vendor/laravel/framework/src/Illuminate/Routing/Router.php(660): Illuminate\\Pipeline\\Pipeline->then(Object(Closure))
#38 /home/rzlrz/Tugas/laravel-authorClient/vendor/laravel/framework/src/Illuminate/Routing/Router.php(635): Illuminate\\Routing\\Router->runRouteWithinStack(Object(Illuminate\\Routing\\Route), Object(Illuminate\\Http\\Request))
#39 /home/rzlrz/Tugas/laravel-authorClient/vendor/laravel/framework/src/Illuminate/Routing/Router.php(601): Illuminate\\Routing\\Router->runRoute(Object(Illuminate\\Http\\Request), Object(Illuminate\\Routing\\Route))
#40 /home/rzlrz/Tugas/laravel-authorClient/vendor/laravel/framework/src/Illuminate/Routing/Router.php(590): Illuminate\\Routing\\Router->dispatchToRoute(Object(Illuminate\\Http\\Request))
#41 /home/rzlrz/Tugas/laravel-authorClient/vendor/laravel/framework/src/Illuminate/Foundation/Http/Kernel.php(176): Illuminate\\Routing\\Router->dispatch(Object(Illuminate\\Http\\Request))
#42 /home/rzlrz/Tugas/laravel-authorClient/vendor/laravel/framework/src/Illuminate/Routing/Pipeline.php(30): Illuminate\\Foundation\\Http\\Kernel->Illuminate\\Foundation\\Http\\{closure}(Object(Illuminate\\Http\\Request))
#43 /home/rzlrz/Tugas/laravel-authorClient/vendor/fideloper/proxy/src/TrustProxies.php(56): Illuminate\\Routing\\Pipeline->Illuminate\\Routing\\{closure}(Object(Illuminate\\Http\\Request))
#44 /home/rzlrz/Tugas/laravel-authorClient/vendor/laravel/framework/src/Illuminate/Pipeline/Pipeline.php(149): Fideloper\\Proxy\\TrustProxies->handle(Object(Illuminate\\Http\\Request), Object(Closure))
#45 /home/rzlrz/Tugas/laravel-authorClient/vendor/laravel/framework/src/Illuminate/Routing/Pipeline.php(53): Illuminate\\Pipeline\\Pipeline->Illuminate\\Pipeline\\{closure}(Object(Illuminate\\Http\\Request))
#46 /home/rzlrz/Tugas/laravel-authorClient/vendor/laravel/framework/src/Illuminate/Foundation/Http/Middleware/TransformsRequest.php(30): Illuminate\\Routing\\Pipeline->Illuminate\\Routing\\{closure}(Object(Illuminate\\Http\\Request))
#47 /home/rzlrz/Tugas/laravel-authorClient/vendor/laravel/framework/src/Illuminate/Pipeline/Pipeline.php(149): Illuminate\\Foundation\\Http\\Middleware\\TransformsRequest->handle(Object(Illuminate\\Http\\Request), Object(Closure))
#48 /home/rzlrz/Tugas/laravel-authorClient/vendor/laravel/framework/src/Illuminate/Routing/Pipeline.php(53): Illuminate\\Pipeline\\Pipeline->Illuminate\\Pipeline\\{closure}(Object(Illuminate\\Http\\Request))
#49 /home/rzlrz/Tugas/laravel-authorClient/vendor/laravel/framework/src/Illuminate/Foundation/Http/Middleware/TransformsRequest.php(30): Illuminate\\Routing\\Pipeline->Illuminate\\Routing\\{closure}(Object(Illuminate\\Http\\Request))
#50 /home/rzlrz/Tugas/laravel-authorClient/vendor/laravel/framework/src/Illuminate/Pipeline/Pipeline.php(149): Illuminate\\Foundation\\Http\\Middleware\\TransformsRequest->handle(Object(Illuminate\\Http\\Request), Object(Closure))
#51 /home/rzlrz/Tugas/laravel-authorClient/vendor/laravel/framework/src/Illuminate/Routing/Pipeline.php(53): Illuminate\\Pipeline\\Pipeline->Illuminate\\Pipeline\\{closure}(Object(Illuminate\\Http\\Request))
#52 /home/rzlrz/Tugas/laravel-authorClient/vendor/laravel/framework/src/Illuminate/Foundation/Http/Middleware/ValidatePostSize.php(27): Illuminate\\Routing\\Pipeline->Illuminate\\Routing\\{closure}(Object(Illuminate\\Http\\Request))
#53 /home/rzlrz/Tugas/laravel-authorClient/vendor/laravel/framework/src/Illuminate/Pipeline/Pipeline.php(149): Illuminate\\Foundation\\Http\\Middleware\\ValidatePostSize->handle(Object(Illuminate\\Http\\Request), Object(Closure))
#54 /home/rzlrz/Tugas/laravel-authorClient/vendor/laravel/framework/src/Illuminate/Routing/Pipeline.php(53): Illuminate\\Pipeline\\Pipeline->Illuminate\\Pipeline\\{closure}(Object(Illuminate\\Http\\Request))
#55 /home/rzlrz/Tugas/laravel-authorClient/vendor/laravel/framework/src/Illuminate/Foundation/Http/Middleware/CheckForMaintenanceMode.php(46): Illuminate\\Routing\\Pipeline->Illuminate\\Routing\\{closure}(Object(Illuminate\\Http\\Request))
#56 /home/rzlrz/Tugas/laravel-authorClient/vendor/laravel/framework/src/Illuminate/Pipeline/Pipeline.php(149): Illuminate\\Foundation\\Http\\Middleware\\CheckForMaintenanceMode->handle(Object(Illuminate\\Http\\Request), Object(Closure))
#57 /home/rzlrz/Tugas/laravel-authorClient/vendor/laravel/framework/src/Illuminate/Routing/Pipeline.php(53): Illuminate\\Pipeline\\Pipeline->Illuminate\\Pipeline\\{closure}(Object(Illuminate\\Http\\Request))
#58 /home/rzlrz/Tugas/laravel-authorClient/vendor/laravel/framework/src/Illuminate/Pipeline/Pipeline.php(102): Illuminate\\Routing\\Pipeline->Illuminate\\Routing\\{closure}(Object(Illuminate\\Http\\Request))
#59 /home/rzlrz/Tugas/laravel-authorClient/vendor/laravel/framework/src/Illuminate/Foundation/Http/Kernel.php(151): Illuminate\\Pipeline\\Pipeline->then(Object(Closure))
#60 /home/rzlrz/Tugas/laravel-authorClient/vendor/laravel/framework/src/Illuminate/Foundation/Http/Kernel.php(116): Illuminate\\Foundation\\Http\\Kernel->sendRequestThroughRouter(Object(Illuminate\\Http\\Request))
#61 /home/rzlrz/Tugas/laravel-authorClient/public/index.php(55): Illuminate\\Foundation\\Http\\Kernel->handle(Object(Illuminate\\Http\\Request))
#62 /home/rzlrz/Tugas/laravel-authorClient/server.php(21): require_once('/home/rzlrz/Tug...')
#63 {main}
"} 
